#! /usr/share/iverilog-0.10.0/bin/vvp
:ivl_version "0.10.0 (devel)" "(v0_9_6)";
:ivl_delay_selection "TYPICAL";
:vpi_time_precision + 0;
:vpi_module "system";
:vpi_module "vhdl_sys";
:vpi_module "v2005_math";
:vpi_module "va_math";
:vpi_module "v2009";
S_0x1e1ee10 .scope module, "testbench" "testbench" 2 1;
 .timescale 0 0;
v0x1e34880_0 .var "clk", 0 0;
v0x1e34920_0 .var "req_floor", 3 0;
S_0x1e157b0 .scope module, "elevatorcontroller" "elevator" 2 11, 3 1 0, S_0x1e1ee10;
 .timescale 0 0;
    .port_info 0 /INPUT 4 "req_floor"
    .port_info 1 /INPUT 1 "clk"
v0x1e159b0_0 .net "clk", 0 0, v0x1e34880_0;  1 drivers
v0x1e341e0_0 .var "curr_floor", 3 0;
v0x1e342c0_0 .var "down_floor", 3 0;
v0x1e343b0 .array "floor_status", 0 7, 0 0;
v0x1e34450_0 .net "req_floor", 3 0, v0x1e34920_0;  1 drivers
v0x1e34580_0 .var "state", 2 0;
v0x1e34660_0 .var "target_floor", 3 0;
v0x1e34740_0 .var "up_floor", 3 0;
E_0x1e16100 .event posedge, v0x1e159b0_0;
E_0x1e17af0 .event edge, v0x1e34450_0, v0x1e34740_0, v0x1e342c0_0;
E_0x1e17130 .event edge, v0x1e34450_0;
E_0x1e16390 .event edge, v0x1e342c0_0, v0x1e34740_0, v0x1e34660_0, v0x1e34450_0;
    .scope S_0x1e157b0;
T_0 ;
    %set/v v0x1e34580_0, 0, 3;
    %end;
    .thread T_0;
    .scope S_0x1e157b0;
T_1 ;
    %set/v v0x1e34740_0, 0, 4;
    %end;
    .thread T_1;
    .scope S_0x1e157b0;
T_2 ;
    %set/v v0x1e342c0_0, 0, 4;
    %end;
    .thread T_2;
    .scope S_0x1e157b0;
T_3 ;
    %set/v v0x1e34660_0, 0, 4;
    %end;
    .thread T_3;
    .scope S_0x1e157b0;
T_4 ;
    %set/v v0x1e341e0_0, 0, 4;
    %end;
    .thread T_4;
    .scope S_0x1e157b0;
T_5 ;
    %wait E_0x1e16390;
    %load/v 8, v0x1e342c0_0, 4;
    %load/v 12, v0x1e34740_0, 4;
    %cmp/u 8, 12, 4;
    %mov 8, 4, 1;
    %load/v 9, v0x1e34660_0, 4;
    %load/v 13, v0x1e34740_0, 4;
    %cmp/u 9, 13, 4;
    %mov 9, 4, 1;
    %and 8, 9, 1;
    %jmp/0xz  T_5.0, 8;
    %load/v 8, v0x1e34450_0, 4;
    %set/v v0x1e34660_0, 8, 4;
T_5.0 ;
    %jmp T_5;
    .thread T_5, $push;
    .scope S_0x1e157b0;
T_6 ;
    %wait E_0x1e17130;
    %load/v 8, v0x1e34450_0, 4;
    %pad 12, 0, 1;
    %ix/get 3, 8, 5;
    %jmp/1 t_0, 4;
    %ix/load 1, 0, 0;
    %set/av v0x1e343b0, 1, 1;
t_0 ;
    %jmp T_6;
    .thread T_6, $push;
    .scope S_0x1e157b0;
T_7 ;
    %wait E_0x1e17af0;
    %load/v 8, v0x1e34740_0, 4;
    %load/v 12, v0x1e34450_0, 4;
    %cmp/u 8, 12, 4;
    %jmp/0xz  T_7.0, 5;
    %load/v 8, v0x1e34450_0, 4;
    %set/v v0x1e34740_0, 8, 4;
    %jmp T_7.1;
T_7.0 ;
    %load/v 8, v0x1e34450_0, 4;
    %load/v 12, v0x1e342c0_0, 4;
    %cmp/u 8, 12, 4;
    %jmp/0xz  T_7.2, 5;
    %load/v 8, v0x1e34450_0, 4;
    %set/v v0x1e342c0_0, 8, 4;
T_7.2 ;
T_7.1 ;
    %jmp T_7;
    .thread T_7, $push;
    .scope S_0x1e157b0;
T_8 ;
    %wait E_0x1e16100;
    %load/v 8, v0x1e34740_0, 4;
    %pad 12, 0, 1;
    %cmpi/u 8, 0, 5;
    %mov 8, 4, 1;
    %load/v 9, v0x1e342c0_0, 4;
    %pad 13, 0, 1;
    %cmpi/u 9, 0, 5;
    %mov 9, 4, 1;
    %and 8, 9, 1;
    %load/v 9, v0x1e341e0_0, 4;
    %pad 13, 0, 1;
    %cmpi/u 9, 0, 5;
    %mov 9, 4, 1;
    %and 8, 9, 1;
    %jmp/0xz  T_8.0, 8;
    %set/v v0x1e34580_0, 0, 3;
    %set/v v0x1e34660_0, 0, 4;
T_8.0 ;
    %load/v 8, v0x1e34580_0, 3;
    %cmpi/u 8, 0, 3;
    %jmp/1 T_8.2, 6;
    %cmpi/u 8, 3, 3;
    %jmp/1 T_8.3, 6;
    %cmpi/u 8, 1, 3;
    %jmp/1 T_8.4, 6;
    %jmp T_8.5;
T_8.2 ;
    %load/v 8, v0x1e341e0_0, 4;
    %load/v 12, v0x1e34660_0, 4;
    %cmp/u 8, 12, 4;
    %jmp/0xz  T_8.6, 5;
    %movi 8, 3, 3;
    %set/v v0x1e34580_0, 8, 3;
    %jmp T_8.7;
T_8.6 ;
    %load/v 8, v0x1e34660_0, 4;
    %load/v 12, v0x1e341e0_0, 4;
    %cmp/u 8, 12, 4;
    %jmp/0xz  T_8.8, 5;
    %movi 8, 1, 3;
    %set/v v0x1e34580_0, 8, 3;
    %jmp T_8.9;
T_8.8 ;
    %set/v v0x1e34580_0, 0, 3;
T_8.9 ;
T_8.7 ;
    %jmp T_8.5;
T_8.3 ;
    %load/v 11, v0x1e341e0_0, 4;
    %pad 15, 0, 1;
    %ix/get 3, 11, 5;
    %load/av 8, v0x1e343b0, 1;
    %pad 9, 0, 2;
    %cmpi/u 8, 1, 3;
    %jmp/0xz  T_8.10, 4;
    %delay 10, 0;
    %load/v 8, v0x1e341e0_0, 4;
    %pad 12, 0, 1;
    %ix/get 3, 8, 5;
    %jmp/1 t_1, 4;
    %ix/load 1, 0, 0;
    %set/av v0x1e343b0, 0, 1;
t_1 ;
    %jmp T_8.11;
T_8.10 ;
    %load/v 8, v0x1e341e0_0, 4;
    %load/v 12, v0x1e34660_0, 4;
    %cmp/u 8, 12, 4;
    %mov 8, 4, 1;
    %load/v 9, v0x1e341e0_0, 4;
    %pad 13, 0, 1;
    %cmpi/u 9, 7, 5;
    %or 8, 4, 1;
    %jmp/0xz  T_8.12, 8;
    %load/v 8, v0x1e342c0_0, 4;
    %set/v v0x1e34660_0, 8, 4;
    %set/v v0x1e34740_0, 0, 4;
    %movi 8, 1, 3;
    %set/v v0x1e34580_0, 8, 3;
    %load/v 8, v0x1e341e0_0, 4;
    %movi 12, 1, 4;
    %sub 8, 12, 4;
    %mov 12, 8, 4;
    %set/v v0x1e341e0_0, 12, 4;
    %jmp T_8.13;
T_8.12 ;
    %movi 8, 3, 3;
    %set/v v0x1e34580_0, 8, 3;
    %load/v 8, v0x1e341e0_0, 4;
    %movi 12, 1, 4;
    %add 12, 8, 4;
    %set/v v0x1e341e0_0, 12, 4;
T_8.13 ;
T_8.11 ;
    %jmp T_8.5;
T_8.4 ;
    %load/v 11, v0x1e341e0_0, 4;
    %pad 15, 0, 1;
    %ix/get 3, 11, 5;
    %load/av 8, v0x1e343b0, 1;
    %pad 9, 0, 2;
    %cmpi/u 8, 1, 3;
    %jmp/0xz  T_8.14, 4;
    %delay 10, 0;
    %vpi_call/w 3 80 "$display", "aa" {0 0};
    %load/v 8, v0x1e341e0_0, 4;
    %pad 12, 0, 1;
    %ix/get 3, 8, 5;
    %jmp/1 t_4, 4;
    %ix/load 1, 0, 0;
    %set/av v0x1e343b0, 0, 1;
t_4 ;
    %jmp T_8.15;
T_8.14 ;
    %load/v 8, v0x1e341e0_0, 4;
    %load/v 12, v0x1e34660_0, 4;
    %cmp/u 8, 12, 4;
    %mov 8, 4, 1;
    %load/v 9, v0x1e341e0_0, 4;
    %pad 13, 0, 1;
    %cmpi/u 9, 0, 5;
    %or 8, 4, 1;
    %jmp/0xz  T_8.16, 8;
    %load/v 8, v0x1e34740_0, 4;
    %set/v v0x1e34660_0, 8, 4;
    %set/v v0x1e342c0_0, 0, 4;
    %movi 8, 3, 3;
    %set/v v0x1e34580_0, 8, 3;
    %load/v 8, v0x1e341e0_0, 4;
    %movi 12, 1, 4;
    %add 12, 8, 4;
    %set/v v0x1e341e0_0, 12, 4;
    %jmp T_8.17;
T_8.16 ;
    %movi 8, 1, 3;
    %set/v v0x1e34580_0, 8, 3;
    %load/v 8, v0x1e341e0_0, 4;
    %movi 12, 1, 4;
    %sub 8, 12, 4;
    %mov 12, 8, 4;
    %set/v v0x1e341e0_0, 12, 4;
T_8.17 ;
T_8.15 ;
    %jmp T_8.5;
T_8.5 ;
    %jmp T_8;
    .thread T_8;
    .scope S_0x1e1ee10;
T_9 ;
    %vpi_call/w 2 16 "$dumpfile", "abc.vcd" {0 0};
    %vpi_call/w 2 17 "$dumpvars", 1'sb0, S_0x1e1ee10 {0 0};
    %set/v v0x1e34880_0, 0, 1;
    %movi 8, 6, 4;
    %set/v v0x1e34920_0, 8, 4;
    %delay 20, 0;
    %movi 8, 1, 4;
    %set/v v0x1e34920_0, 8, 4;
    %delay 10, 0;
    %movi 8, 5, 4;
    %set/v v0x1e34920_0, 8, 4;
    %delay 10, 0;
    %set/v v0x1e34920_0, 0, 4;
    %delay 100, 0;
    %delay 50, 0;
    %vpi_call/w 2 45 "$finish" {0 0};
    %end;
    .thread T_9;
    .scope S_0x1e1ee10;
T_10 ;
    %delay 5, 0;
    %load/v 8, v0x1e34880_0, 1;
    %inv 8, 1;
    %set/v v0x1e34880_0, 8, 1;
    %jmp T_10;
    .thread T_10;
# The file index is used to find the file name in the following table.
:file_names 4;
    "N/A";
    "<interactive>";
    "testbench.sv";
    "design.sv";
